extraCredit: 0
fatalError: false
maxExtraCredit: 0
maxTotalPoints: 8
messages: []
mode: auto
parts:
- description: ''
  extraCredit: false
  maxPoints: 1
  maxSeconds: 5
  messages: []
  name: 1a-0-basic
  points: 1
  seconds: 0
- description: ''
  extraCredit: false
  maxPoints: 1
  maxSeconds: 5
  messages: []
  name: 1a-1-hidden
  points: 0
  seconds: 0
- description: ''
  extraCredit: false
  maxPoints: 1
  maxSeconds: 5
  messages: []
  name: 1b-0-basic
  points: 1
  seconds: 0
- description: ''
  extraCredit: false
  maxPoints: 1
  maxSeconds: 5
  messages: []
  name: 1b-1-hidden
  points: 0
  seconds: 0
- description: ''
  extraCredit: false
  maxPoints: 1
  maxSeconds: 5
  messages: []
  name: 1c-0-basic
  points: 1
  seconds: 0
- description: ''
  extraCredit: false
  maxPoints: 1
  maxSeconds: 5
  messages: []
  name: 1c-1-hidden
  points: 0
  seconds: 0
- description: ''
  extraCredit: false
  maxPoints: 1
  maxSeconds: 5
  messages: []
  name: 1d-0-basic
  points: 1
  seconds: 0
- description: ''
  extraCredit: false
  maxPoints: 1
  maxSeconds: 5
  messages: []
  name: 1d-1-hidden
  points: 0
  seconds: 0
- description: ''
  extraCredit: false
  maxPoints: 1
  maxSeconds: 5
  messages: []
  name: 1e-0-basic
  points: 1
  seconds: 0
- description: ''
  extraCredit: false
  maxPoints: 1
  maxSeconds: 5
  messages: []
  name: 1e-1-hidden
  points: 0
  seconds: 0
- description: ''
  extraCredit: false
  maxPoints: 1
  maxSeconds: 5
  messages: []
  name: 2a-0-basic
  points: 1
  seconds: 0
- description: ''
  extraCredit: false
  maxPoints: 1
  maxSeconds: 5
  messages: []
  name: 2a-1-hidden
  points: 0
  seconds: 0
- description: ''
  extraCredit: false
  maxPoints: 1
  maxSeconds: 5
  messages: []
  name: 2b-0-basic
  points: 1
  seconds: 0
- description: ''
  extraCredit: false
  maxPoints: 1
  maxSeconds: 5
  messages: []
  name: 2b-1-hidden
  points: 0
  seconds: 0
- description: ''
  extraCredit: false
  maxPoints: 1
  maxSeconds: 5
  messages: []
  name: 2c-0-basic
  points: 1
  seconds: 0
- description: ''
  extraCredit: false
  maxPoints: 1
  maxSeconds: 5
  messages: []
  name: 2c-1-hidden
  points: 0
  seconds: 0
totalPoints: 8
